<?xml version="1.0" encoding="UTF-8"?>
<!-- Generated by org.testng.reporters.JUnitXMLReporter -->
<testsuite ignored="0" hostname="DESKTOP-CK6VHMT" failures="18" tests="29" name="Test" time="22.376" errors="0" timestamp="2023-04-11T07:03:26 IST">
  <testcase classname="utility.DataExtractor" name="CreateCustomer" time="4.261"/>
  <testcase classname="utility.DataExtractor" name="CreateCustomer" time="0.688"/>
  <testcase classname="utility.DataExtractor" name="CreateCustomer" time="0.654"/>
  <testcase classname="utility.DataExtractor" name="CreateCustomer" time="0.699"/>
  <testcase classname="utility.DataExtractor" name="CreateCustomer" time="0.609"/>
  <testcase classname="utility.DataExtractor" name="CreateCustomer" time="0.611"/>
  <testcase classname="utility.DataExtractor" name="CreateCustomer" time="0.605"/>
  <testcase classname="utility.DataExtractor" name="CreateCustomer" time="0.657"/>
  <testcase classname="utility.DataExtractor" name="CreateCustomer" time="0.614"/>
  <testcase classname="testcases.CreateCustomerAPI" name="TC1_validAPIKeys" time="0.675">
    <failure type="java.lang.AssertionError" message="The following asserts failed:
	expected [1000] but found [637]">
      <![CDATA[java.lang.AssertionError: The following asserts failed:
expected [1000] but found [637]
at testcases.CreateCustomerAPI.TC1_validAPIKeys(CreateCustomerAPI.java:69)
at java.base/java.util.ArrayList.forEach(ArrayList.java:1511)
at java.base/java.util.concurrent.FutureTask.run(FutureTask.java:264)
at java.base/java.util.concurrent.ThreadPoolExecutor.runWorker(ThreadPoolExecutor.java:1136)
at java.base/java.util.concurrent.ThreadPoolExecutor$Worker.run(ThreadPoolExecutor.java:635)
at java.base/java.lang.Thread.run(Thread.java:833)
... Removed 17 stack frames]]>
    </failure>
  </testcase> <!-- TC1_validAPIKeys -->
  <testcase classname="testcases.CreateCustomerAPI" name="TC1_validAPIKeys" time="0.678">
    <failure type="java.lang.AssertionError" message="The following asserts failed:
	expected [1000] but found [634]">
      <![CDATA[java.lang.AssertionError: The following asserts failed:
expected [1000] but found [634]
at testcases.CreateCustomerAPI.TC1_validAPIKeys(CreateCustomerAPI.java:69)
at java.base/java.util.ArrayList.forEach(ArrayList.java:1511)
at java.base/java.util.concurrent.FutureTask.run(FutureTask.java:264)
at java.base/java.util.concurrent.ThreadPoolExecutor.runWorker(ThreadPoolExecutor.java:1136)
at java.base/java.util.concurrent.ThreadPoolExecutor$Worker.run(ThreadPoolExecutor.java:635)
at java.base/java.lang.Thread.run(Thread.java:833)
... Removed 17 stack frames]]>
    </failure>
  </testcase> <!-- TC1_validAPIKeys -->
  <testcase classname="testcases.CreateCustomerAPI" name="TC1_validAPIKeys" time="0.635">
    <failure type="java.lang.AssertionError" message="The following asserts failed:
	expected [1000] but found [621]">
      <![CDATA[java.lang.AssertionError: The following asserts failed:
expected [1000] but found [621]
at testcases.CreateCustomerAPI.TC1_validAPIKeys(CreateCustomerAPI.java:69)
at java.base/java.util.ArrayList.forEach(ArrayList.java:1511)
at java.base/java.util.concurrent.FutureTask.run(FutureTask.java:264)
at java.base/java.util.concurrent.ThreadPoolExecutor.runWorker(ThreadPoolExecutor.java:1136)
at java.base/java.util.concurrent.ThreadPoolExecutor$Worker.run(ThreadPoolExecutor.java:635)
at java.base/java.lang.Thread.run(Thread.java:833)
... Removed 17 stack frames]]>
    </failure>
  </testcase> <!-- TC1_validAPIKeys -->
  <testcase classname="testcases.CreateCustomerAPI" name="TC1_validAPIKeys" time="0.655">
    <failure type="java.lang.AssertionError" message="The following asserts failed:
	expected [1000] but found [644]">
      <![CDATA[java.lang.AssertionError: The following asserts failed:
expected [1000] but found [644]
at testcases.CreateCustomerAPI.TC1_validAPIKeys(CreateCustomerAPI.java:69)
at java.base/java.util.ArrayList.forEach(ArrayList.java:1511)
at java.base/java.util.concurrent.FutureTask.run(FutureTask.java:264)
at java.base/java.util.concurrent.ThreadPoolExecutor.runWorker(ThreadPoolExecutor.java:1136)
at java.base/java.util.concurrent.ThreadPoolExecutor$Worker.run(ThreadPoolExecutor.java:635)
at java.base/java.lang.Thread.run(Thread.java:833)
... Removed 17 stack frames]]>
    </failure>
  </testcase> <!-- TC1_validAPIKeys -->
  <testcase classname="testcases.CreateCustomerAPI" name="TC1_validAPIKeys" time="0.617">
    <failure type="java.lang.AssertionError" message="The following asserts failed:
	expected [1000] but found [608]">
      <![CDATA[java.lang.AssertionError: The following asserts failed:
expected [1000] but found [608]
at testcases.CreateCustomerAPI.TC1_validAPIKeys(CreateCustomerAPI.java:69)
at java.base/java.util.ArrayList.forEach(ArrayList.java:1511)
at java.base/java.util.concurrent.FutureTask.run(FutureTask.java:264)
at java.base/java.util.concurrent.ThreadPoolExecutor.runWorker(ThreadPoolExecutor.java:1136)
at java.base/java.util.concurrent.ThreadPoolExecutor$Worker.run(ThreadPoolExecutor.java:635)
at java.base/java.lang.Thread.run(Thread.java:833)
... Removed 17 stack frames]]>
    </failure>
  </testcase> <!-- TC1_validAPIKeys -->
  <testcase classname="testcases.CreateCustomerAPI" name="TC1_validAPIKeys" time="0.662">
    <failure type="java.lang.AssertionError" message="The following asserts failed:
	expected [1000] but found [650]">
      <![CDATA[java.lang.AssertionError: The following asserts failed:
expected [1000] but found [650]
at testcases.CreateCustomerAPI.TC1_validAPIKeys(CreateCustomerAPI.java:69)
at java.base/java.util.ArrayList.forEach(ArrayList.java:1511)
at java.base/java.util.concurrent.FutureTask.run(FutureTask.java:264)
at java.base/java.util.concurrent.ThreadPoolExecutor.runWorker(ThreadPoolExecutor.java:1136)
at java.base/java.util.concurrent.ThreadPoolExecutor$Worker.run(ThreadPoolExecutor.java:635)
at java.base/java.lang.Thread.run(Thread.java:833)
... Removed 17 stack frames]]>
    </failure>
  </testcase> <!-- TC1_validAPIKeys -->
  <testcase classname="testcases.CreateCustomerAPI" name="TC1_validAPIKeys" time="0.655">
    <failure type="java.lang.AssertionError" message="The following asserts failed:
	expected [1000] but found [646]">
      <![CDATA[java.lang.AssertionError: The following asserts failed:
expected [1000] but found [646]
at testcases.CreateCustomerAPI.TC1_validAPIKeys(CreateCustomerAPI.java:69)
at java.base/java.util.ArrayList.forEach(ArrayList.java:1511)
at java.base/java.util.concurrent.FutureTask.run(FutureTask.java:264)
at java.base/java.util.concurrent.ThreadPoolExecutor.runWorker(ThreadPoolExecutor.java:1136)
at java.base/java.util.concurrent.ThreadPoolExecutor$Worker.run(ThreadPoolExecutor.java:635)
at java.base/java.lang.Thread.run(Thread.java:833)
... Removed 17 stack frames]]>
    </failure>
  </testcase> <!-- TC1_validAPIKeys -->
  <testcase classname="testcases.CreateCustomerAPI" name="TC1_validAPIKeys" time="0.57">
    <failure type="java.lang.AssertionError" message="The following asserts failed:
	expected [1000] but found [561]">
      <![CDATA[java.lang.AssertionError: The following asserts failed:
expected [1000] but found [561]
at testcases.CreateCustomerAPI.TC1_validAPIKeys(CreateCustomerAPI.java:69)
at java.base/java.util.ArrayList.forEach(ArrayList.java:1511)
at java.base/java.util.concurrent.FutureTask.run(FutureTask.java:264)
at java.base/java.util.concurrent.ThreadPoolExecutor.runWorker(ThreadPoolExecutor.java:1136)
at java.base/java.util.concurrent.ThreadPoolExecutor$Worker.run(ThreadPoolExecutor.java:635)
at java.base/java.lang.Thread.run(Thread.java:833)
... Removed 17 stack frames]]>
    </failure>
  </testcase> <!-- TC1_validAPIKeys -->
  <testcase classname="testcases.CreateCustomerAPI" name="TC1_validAPIKeys" time="0.62">
    <failure type="java.lang.AssertionError" message="The following asserts failed:
	expected [1000] but found [606]">
      <![CDATA[java.lang.AssertionError: The following asserts failed:
expected [1000] but found [606]
at testcases.CreateCustomerAPI.TC1_validAPIKeys(CreateCustomerAPI.java:69)
at java.base/java.util.ArrayList.forEach(ArrayList.java:1511)
at java.base/java.util.concurrent.FutureTask.run(FutureTask.java:264)
at java.base/java.util.concurrent.ThreadPoolExecutor.runWorker(ThreadPoolExecutor.java:1136)
at java.base/java.util.concurrent.ThreadPoolExecutor$Worker.run(ThreadPoolExecutor.java:635)
at java.base/java.lang.Thread.run(Thread.java:833)
... Removed 17 stack frames]]>
    </failure>
  </testcase> <!-- TC1_validAPIKeys -->
  <testcase classname="testcases.CreateCustomerAPI" name="TC2_skipTestcase" time="0.002">
    <skipped/>
  </testcase> <!-- TC2_skipTestcase -->
  <testcase classname="testcases.GetCustomerAPI" name="TC1_validAPIKey" time="1.625">
    <failure type="java.lang.AssertionError" message="The following asserts failed:
	expected [400] but found [200],
	expected [HTTP/1.1 400 OK] but found [HTTP/1.1 200 OK],
	expected [1000] but found [439]">
      <![CDATA[java.lang.AssertionError: The following asserts failed:
expected [400] but found [200],
expected [HTTP/1.1 400 OK] but found [HTTP/1.1 200 OK],
expected [1000] but found [439]
at testcases.GetCustomerAPI.TC1_validAPIKey(GetCustomerAPI.java:77)
at java.base/java.util.ArrayList.forEach(ArrayList.java:1511)
at java.base/java.util.concurrent.FutureTask.run(FutureTask.java:264)
at java.base/java.util.concurrent.ThreadPoolExecutor.runWorker(ThreadPoolExecutor.java:1136)
at java.base/java.util.concurrent.ThreadPoolExecutor$Worker.run(ThreadPoolExecutor.java:635)
at java.base/java.lang.Thread.run(Thread.java:833)
... Removed 17 stack frames]]>
    </failure>
  </testcase> <!-- TC1_validAPIKey -->
  <testcase classname="testcases.GetCustomerAPI" name="TC1_validAPIKey" time="0.465">
    <failure type="java.lang.AssertionError" message="The following asserts failed:
	expected [400] but found [200],
	expected [HTTP/1.1 400 OK] but found [HTTP/1.1 200 OK],
	expected [vaibhav@testing.com] but found [john@testing.com],
	expected [1000] but found [392]">
      <![CDATA[java.lang.AssertionError: The following asserts failed:
expected [400] but found [200],
expected [HTTP/1.1 400 OK] but found [HTTP/1.1 200 OK],
expected [vaibhav@testing.com] but found [john@testing.com],
expected [1000] but found [392]
at testcases.GetCustomerAPI.TC1_validAPIKey(GetCustomerAPI.java:77)
at java.base/java.util.ArrayList.forEach(ArrayList.java:1511)
at java.base/java.util.concurrent.FutureTask.run(FutureTask.java:264)
at java.base/java.util.concurrent.ThreadPoolExecutor.runWorker(ThreadPoolExecutor.java:1136)
at java.base/java.util.concurrent.ThreadPoolExecutor$Worker.run(ThreadPoolExecutor.java:635)
at java.base/java.lang.Thread.run(Thread.java:833)
... Removed 17 stack frames]]>
    </failure>
  </testcase> <!-- TC1_validAPIKey -->
  <testcase classname="testcases.GetCustomerAPI" name="TC1_validAPIKey" time="0.443">
    <failure type="java.lang.AssertionError" message="The following asserts failed:
	expected [400] but found [200],
	expected [HTTP/1.1 400 OK] but found [HTTP/1.1 200 OK],
	expected [vaibhav@testing.com] but found [john@testing.com],
	expected [1000] but found [368]">
      <![CDATA[java.lang.AssertionError: The following asserts failed:
expected [400] but found [200],
expected [HTTP/1.1 400 OK] but found [HTTP/1.1 200 OK],
expected [vaibhav@testing.com] but found [john@testing.com],
expected [1000] but found [368]
at testcases.GetCustomerAPI.TC1_validAPIKey(GetCustomerAPI.java:77)
at java.base/java.util.ArrayList.forEach(ArrayList.java:1511)
at java.base/java.util.concurrent.FutureTask.run(FutureTask.java:264)
at java.base/java.util.concurrent.ThreadPoolExecutor.runWorker(ThreadPoolExecutor.java:1136)
at java.base/java.util.concurrent.ThreadPoolExecutor$Worker.run(ThreadPoolExecutor.java:635)
at java.base/java.lang.Thread.run(Thread.java:833)
... Removed 17 stack frames]]>
    </failure>
  </testcase> <!-- TC1_validAPIKey -->
  <testcase classname="testcases.GetCustomerAPI" name="TC1_validAPIKey" time="0.449">
    <failure type="java.lang.AssertionError" message="The following asserts failed:
	expected [400] but found [200],
	expected [HTTP/1.1 400 OK] but found [HTTP/1.1 200 OK],
	expected [vaibhav@testing.com] but found [john@testing.com],
	expected [1000] but found [376]">
      <![CDATA[java.lang.AssertionError: The following asserts failed:
expected [400] but found [200],
expected [HTTP/1.1 400 OK] but found [HTTP/1.1 200 OK],
expected [vaibhav@testing.com] but found [john@testing.com],
expected [1000] but found [376]
at testcases.GetCustomerAPI.TC1_validAPIKey(GetCustomerAPI.java:77)
at java.base/java.util.ArrayList.forEach(ArrayList.java:1511)
at java.base/java.util.concurrent.FutureTask.run(FutureTask.java:264)
at java.base/java.util.concurrent.ThreadPoolExecutor.runWorker(ThreadPoolExecutor.java:1136)
at java.base/java.util.concurrent.ThreadPoolExecutor$Worker.run(ThreadPoolExecutor.java:635)
at java.base/java.lang.Thread.run(Thread.java:833)
... Removed 17 stack frames]]>
    </failure>
  </testcase> <!-- TC1_validAPIKey -->
  <testcase classname="testcases.GetCustomerAPI" name="TC1_validAPIKey" time="0.432">
    <failure type="java.lang.AssertionError" message="The following asserts failed:
	expected [400] but found [200],
	expected [HTTP/1.1 400 OK] but found [HTTP/1.1 200 OK],
	expected [vaibhav@testing.com] but found [john@testing.com],
	expected [1000] but found [385]">
      <![CDATA[java.lang.AssertionError: The following asserts failed:
expected [400] but found [200],
expected [HTTP/1.1 400 OK] but found [HTTP/1.1 200 OK],
expected [vaibhav@testing.com] but found [john@testing.com],
expected [1000] but found [385]
at testcases.GetCustomerAPI.TC1_validAPIKey(GetCustomerAPI.java:77)
at java.base/java.util.ArrayList.forEach(ArrayList.java:1511)
at java.base/java.util.concurrent.FutureTask.run(FutureTask.java:264)
at java.base/java.util.concurrent.ThreadPoolExecutor.runWorker(ThreadPoolExecutor.java:1136)
at java.base/java.util.concurrent.ThreadPoolExecutor$Worker.run(ThreadPoolExecutor.java:635)
at java.base/java.lang.Thread.run(Thread.java:833)
... Removed 17 stack frames]]>
    </failure>
  </testcase> <!-- TC1_validAPIKey -->
  <testcase classname="testcases.GetCustomerAPI" name="TC1_validAPIKey" time="0.414">
    <failure type="java.lang.AssertionError" message="The following asserts failed:
	expected [400] but found [200],
	expected [HTTP/1.1 400 OK] but found [HTTP/1.1 200 OK],
	expected [vaibhav@testing.com] but found [john@testing.com],
	expected [1000] but found [374]">
      <![CDATA[java.lang.AssertionError: The following asserts failed:
expected [400] but found [200],
expected [HTTP/1.1 400 OK] but found [HTTP/1.1 200 OK],
expected [vaibhav@testing.com] but found [john@testing.com],
expected [1000] but found [374]
at testcases.GetCustomerAPI.TC1_validAPIKey(GetCustomerAPI.java:77)
at java.base/java.util.ArrayList.forEach(ArrayList.java:1511)
at java.base/java.util.concurrent.FutureTask.run(FutureTask.java:264)
at java.base/java.util.concurrent.ThreadPoolExecutor.runWorker(ThreadPoolExecutor.java:1136)
at java.base/java.util.concurrent.ThreadPoolExecutor$Worker.run(ThreadPoolExecutor.java:635)
at java.base/java.lang.Thread.run(Thread.java:833)
... Removed 17 stack frames]]>
    </failure>
  </testcase> <!-- TC1_validAPIKey -->
  <testcase classname="testcases.GetCustomerAPI" name="TC1_validAPIKey" time="0.416">
    <failure type="java.lang.AssertionError" message="The following asserts failed:
	expected [400] but found [200],
	expected [HTTP/1.1 400 OK] but found [HTTP/1.1 200 OK],
	expected [vaibhav@testing.com] but found [john@testing.com],
	expected [1000] but found [369]">
      <![CDATA[java.lang.AssertionError: The following asserts failed:
expected [400] but found [200],
expected [HTTP/1.1 400 OK] but found [HTTP/1.1 200 OK],
expected [vaibhav@testing.com] but found [john@testing.com],
expected [1000] but found [369]
at testcases.GetCustomerAPI.TC1_validAPIKey(GetCustomerAPI.java:77)
at java.base/java.util.ArrayList.forEach(ArrayList.java:1511)
at java.base/java.util.concurrent.FutureTask.run(FutureTask.java:264)
at java.base/java.util.concurrent.ThreadPoolExecutor.runWorker(ThreadPoolExecutor.java:1136)
at java.base/java.util.concurrent.ThreadPoolExecutor$Worker.run(ThreadPoolExecutor.java:635)
at java.base/java.lang.Thread.run(Thread.java:833)
... Removed 17 stack frames]]>
    </failure>
  </testcase> <!-- TC1_validAPIKey -->
  <testcase classname="testcases.GetCustomerAPI" name="TC1_validAPIKey" time="0.455">
    <failure type="java.lang.AssertionError" message="The following asserts failed:
	expected [400] but found [200],
	expected [HTTP/1.1 400 OK] but found [HTTP/1.1 200 OK],
	expected [vaibhav@testing.com] but found [john@testing.com],
	expected [1000] but found [386]">
      <![CDATA[java.lang.AssertionError: The following asserts failed:
expected [400] but found [200],
expected [HTTP/1.1 400 OK] but found [HTTP/1.1 200 OK],
expected [vaibhav@testing.com] but found [john@testing.com],
expected [1000] but found [386]
at testcases.GetCustomerAPI.TC1_validAPIKey(GetCustomerAPI.java:77)
at java.base/java.util.ArrayList.forEach(ArrayList.java:1511)
at java.base/java.util.concurrent.FutureTask.run(FutureTask.java:264)
at java.base/java.util.concurrent.ThreadPoolExecutor.runWorker(ThreadPoolExecutor.java:1136)
at java.base/java.util.concurrent.ThreadPoolExecutor$Worker.run(ThreadPoolExecutor.java:635)
at java.base/java.lang.Thread.run(Thread.java:833)
... Removed 17 stack frames]]>
    </failure>
  </testcase> <!-- TC1_validAPIKey -->
  <testcase classname="testcases.GetCustomerAPI" name="TC1_validAPIKey" time="0.425">
    <failure type="java.lang.AssertionError" message="The following asserts failed:
	expected [400] but found [200],
	expected [HTTP/1.1 400 OK] but found [HTTP/1.1 200 OK],
	expected [vaibhav@testing.com] but found [john@testing.com],
	expected [1000] but found [391]">
      <![CDATA[java.lang.AssertionError: The following asserts failed:
expected [400] but found [200],
expected [HTTP/1.1 400 OK] but found [HTTP/1.1 200 OK],
expected [vaibhav@testing.com] but found [john@testing.com],
expected [1000] but found [391]
at testcases.GetCustomerAPI.TC1_validAPIKey(GetCustomerAPI.java:77)
at java.base/java.util.ArrayList.forEach(ArrayList.java:1511)
at java.base/java.util.concurrent.FutureTask.run(FutureTask.java:264)
at java.base/java.util.concurrent.ThreadPoolExecutor.runWorker(ThreadPoolExecutor.java:1136)
at java.base/java.util.concurrent.ThreadPoolExecutor$Worker.run(ThreadPoolExecutor.java:635)
at java.base/java.lang.Thread.run(Thread.java:833)
... Removed 17 stack frames]]>
    </failure>
  </testcase> <!-- TC1_validAPIKey -->
  <testcase classname="testcases.GetCustomerAPI" name="TC2_invalidAPIKey" time="0.27"/>
</testsuite> <!-- Test -->
